<?xml version="1.0" encoding="utf-8"?><testsuites><testsuite name="pytest" errors="0" failures="0" skipped="0" tests="4" time="32.589" timestamp="2024-06-26T19:54:29.689607" hostname="Navjot"><testcase classname="test_E2eTestcases.Testcases" name="test_e2e" time="18.943" /><testcase classname="test_TestHomePage.TestHomePage" name="test_formSubmission[getData0]" time="3.352" /><testcase classname="test_TestHomePage.TestHomePage" name="test_formSubmission[getData1]" time="0.834" /><testcase classname="test_failmanually.Testcases2" name="test_failmanually" time="9.349" /></testsuite></testsuites>